C:\Users\aryan\OneDrive\Desktop\drishtigyan 2\drishtigyan\backend\win_venv313\Lib\site-packages\requests\__init__.py:113: RequestsDependencyWarning: urllib3 (2.6.3) or chardet (7.1.0)/charset_normalizer (3.4.5) doesn't match a supported version!
  warnings.warn(
INFO:     Started server process [13852]
INFO:     Waiting for application startup.
INFO:     Application startup complete.
INFO:     Uvicorn running on http://127.0.0.1:8000 (Press CTRL+C to quit)
ERROR:    Exception in ASGI application
Traceback (most recent call last):
  File "C:\Users\aryan\OneDrive\Desktop\drishtigyan 2\drishtigyan\backend\win_venv313\Lib\site-packages\uvicorn\protocols\http\httptools_impl.py", line 399, in run_asgi
    result = await app(  # type: ignore[func-returns-value]
             ^^^^^^^^^^^^^^^^^^^^^^^^^^^^^^^^^^^^^^^^^^^^^^
        self.scope, self.receive, self.send
        ^^^^^^^^^^^^^^^^^^^^^^^^^^^^^^^^^^^
    )
    ^
  File "C:\Users\aryan\OneDrive\Desktop\drishtigyan 2\drishtigyan\backend\win_venv313\Lib\site-packages\uvicorn\middleware\proxy_headers.py", line 70, in __call__
    return await self.app(scope, receive, send)
           ^^^^^^^^^^^^^^^^^^^^^^^^^^^^^^^^^^^^
  File "C:\Users\aryan\OneDrive\Desktop\drishtigyan 2\drishtigyan\backend\win_venv313\Lib\site-packages\fastapi\applications.py", line 1054, in __call__
    await super().__call__(scope, receive, send)
  File "C:\Users\aryan\OneDrive\Desktop\drishtigyan 2\drishtigyan\backend\win_venv313\Lib\site-packages\starlette\applications.py", line 113, in __call__
    await self.middleware_stack(scope, receive, send)
  File "C:\Users\aryan\OneDrive\Desktop\drishtigyan 2\drishtigyan\backend\win_venv313\Lib\site-packages\starlette\middleware\errors.py", line 187, in __call__
    raise exc
  File "C:\Users\aryan\OneDrive\Desktop\drishtigyan 2\drishtigyan\backend\win_venv313\Lib\site-packages\starlette\middleware\errors.py", line 165, in __call__
    await self.app(scope, receive, _send)
  File "C:\Users\aryan\OneDrive\Desktop\drishtigyan 2\drishtigyan\backend\win_venv313\Lib\site-packages\starlette\middleware\cors.py", line 93, in __call__
    await self.simple_response(scope, receive, send, request_headers=headers)
  File "C:\Users\aryan\OneDrive\Desktop\drishtigyan 2\drishtigyan\backend\win_venv313\Lib\site-packages\starlette\middleware\cors.py", line 144, in simple_response
    await self.app(scope, receive, send)
  File "C:\Users\aryan\OneDrive\Desktop\drishtigyan 2\drishtigyan\backend\win_venv313\Lib\site-packages\starlette\middleware\exceptions.py", line 62, in __call__
    await wrap_app_handling_exceptions(self.app, conn)(scope, receive, send)
  File "C:\Users\aryan\OneDrive\Desktop\drishtigyan 2\drishtigyan\backend\win_venv313\Lib\site-packages\starlette\_exception_handler.py", line 62, in wrapped_app
    raise exc
  File "C:\Users\aryan\OneDrive\Desktop\drishtigyan 2\drishtigyan\backend\win_venv313\Lib\site-packages\starlette\_exception_handler.py", line 51, in wrapped_app
    await app(scope, receive, sender)
  File "C:\Users\aryan\OneDrive\Desktop\drishtigyan 2\drishtigyan\backend\win_venv313\Lib\site-packages\starlette\routing.py", line 715, in __call__
    await self.middleware_stack(scope, receive, send)
  File "C:\Users\aryan\OneDrive\Desktop\drishtigyan 2\drishtigyan\backend\win_venv313\Lib\site-packages\starlette\routing.py", line 735, in app
    await route.handle(scope, receive, send)
  File "C:\Users\aryan\OneDrive\Desktop\drishtigyan 2\drishtigyan\backend\win_venv313\Lib\site-packages\starlette\routing.py", line 288, in handle
    await self.app(scope, receive, send)
  File "C:\Users\aryan\OneDrive\Desktop\drishtigyan 2\drishtigyan\backend\win_venv313\Lib\site-packages\starlette\routing.py", line 76, in app
    await wrap_app_handling_exceptions(app, request)(scope, receive, send)
  File "C:\Users\aryan\OneDrive\Desktop\drishtigyan 2\drishtigyan\backend\win_venv313\Lib\site-packages\starlette\_exception_handler.py", line 62, in wrapped_app
    raise exc
  File "C:\Users\aryan\OneDrive\Desktop\drishtigyan 2\drishtigyan\backend\win_venv313\Lib\site-packages\starlette\_exception_handler.py", line 51, in wrapped_app
    await app(scope, receive, sender)
  File "C:\Users\aryan\OneDrive\Desktop\drishtigyan 2\drishtigyan\backend\win_venv313\Lib\site-packages\starlette\routing.py", line 73, in app
    response = await f(request)
               ^^^^^^^^^^^^^^^^
  File "C:\Users\aryan\OneDrive\Desktop\drishtigyan 2\drishtigyan\backend\win_venv313\Lib\site-packages\fastapi\routing.py", line 301, in app
    raw_response = await run_endpoint_function(
                   ^^^^^^^^^^^^^^^^^^^^^^^^^^^^
    ...<3 lines>...
    )
    ^
  File "C:\Users\aryan\OneDrive\Desktop\drishtigyan 2\drishtigyan\backend\win_venv313\Lib\site-packages\fastapi\routing.py", line 214, in run_endpoint_function
    return await run_in_threadpool(dependant.call, **values)
           ^^^^^^^^^^^^^^^^^^^^^^^^^^^^^^^^^^^^^^^^^^^^^^^^^
  File "C:\Users\aryan\OneDrive\Desktop\drishtigyan 2\drishtigyan\backend\win_venv313\Lib\site-packages\starlette\concurrency.py", line 39, in run_in_threadpool
    return await anyio.to_thread.run_sync(func, *args)
           ^^^^^^^^^^^^^^^^^^^^^^^^^^^^^^^^^^^^^^^^^^^
  File "C:\Users\aryan\OneDrive\Desktop\drishtigyan 2\drishtigyan\backend\win_venv313\Lib\site-packages\anyio\to_thread.py", line 63, in run_sync
    return await get_async_backend().run_sync_in_worker_thread(
           ^^^^^^^^^^^^^^^^^^^^^^^^^^^^^^^^^^^^^^^^^^^^^^^^^^^^
        func, args, abandon_on_cancel=abandon_on_cancel, limiter=limiter
        ^^^^^^^^^^^^^^^^^^^^^^^^^^^^^^^^^^^^^^^^^^^^^^^^^^^^^^^^^^^^^^^^
    )
    ^
  File "C:\Users\aryan\OneDrive\Desktop\drishtigyan 2\drishtigyan\backend\win_venv313\Lib\site-packages\anyio\_backends\_asyncio.py", line 2502, in run_sync_in_worker_thread
    return await future
           ^^^^^^^^^^^^
  File "C:\Users\aryan\OneDrive\Desktop\drishtigyan 2\drishtigyan\backend\win_venv313\Lib\site-packages\anyio\_backends\_asyncio.py", line 986, in run
    result = context.run(func, *args)
  File "C:\Users\aryan\OneDrive\Desktop\drishtigyan 2\drishtigyan\backend\routers\student.py", line 287, in get_recommended_practice
    queue = get_practice_queue(current_user.id, db)
  File "C:\Users\aryan\OneDrive\Desktop\drishtigyan 2\drishtigyan\backend\services\spaced_repetition.py", line 41, in get_practice_queue
    days_diff = (record.next_review_date - now).days
                 ~~~~~~~~~~~~~~~~~~~~~~~~^~~~~
TypeError: can't subtract offset-naive and offset-aware datetimes
ERROR:    Exception in ASGI application
Traceback (most recent call last):
  File "C:\Users\aryan\OneDrive\Desktop\drishtigyan 2\drishtigyan\backend\win_venv313\Lib\site-packages\uvicorn\protocols\http\httptools_impl.py", line 399, in run_asgi
    result = await app(  # type: ignore[func-returns-value]
             ^^^^^^^^^^^^^^^^^^^^^^^^^^^^^^^^^^^^^^^^^^^^^^
        self.scope, self.receive, self.send
        ^^^^^^^^^^^^^^^^^^^^^^^^^^^^^^^^^^^
    )
    ^
  File "C:\Users\aryan\OneDrive\Desktop\drishtigyan 2\drishtigyan\backend\win_venv313\Lib\site-packages\uvicorn\middleware\proxy_headers.py", line 70, in __call__
    return await self.app(scope, receive, send)
           ^^^^^^^^^^^^^^^^^^^^^^^^^^^^^^^^^^^^
  File "C:\Users\aryan\OneDrive\Desktop\drishtigyan 2\drishtigyan\backend\win_venv313\Lib\site-packages\fastapi\applications.py", line 1054, in __call__
    await super().__call__(scope, receive, send)
  File "C:\Users\aryan\OneDrive\Desktop\drishtigyan 2\drishtigyan\backend\win_venv313\Lib\site-packages\starlette\applications.py", line 113, in __call__
    await self.middleware_stack(scope, receive, send)
  File "C:\Users\aryan\OneDrive\Desktop\drishtigyan 2\drishtigyan\backend\win_venv313\Lib\site-packages\starlette\middleware\errors.py", line 187, in __call__
    raise exc
  File "C:\Users\aryan\OneDrive\Desktop\drishtigyan 2\drishtigyan\backend\win_venv313\Lib\site-packages\starlette\middleware\errors.py", line 165, in __call__
    await self.app(scope, receive, _send)
  File "C:\Users\aryan\OneDrive\Desktop\drishtigyan 2\drishtigyan\backend\win_venv313\Lib\site-packages\starlette\middleware\cors.py", line 93, in __call__
    await self.simple_response(scope, receive, send, request_headers=headers)
  File "C:\Users\aryan\OneDrive\Desktop\drishtigyan 2\drishtigyan\backend\win_venv313\Lib\site-packages\starlette\middleware\cors.py", line 144, in simple_response
    await self.app(scope, receive, send)
  File "C:\Users\aryan\OneDrive\Desktop\drishtigyan 2\drishtigyan\backend\win_venv313\Lib\site-packages\starlette\middleware\exceptions.py", line 62, in __call__
    await wrap_app_handling_exceptions(self.app, conn)(scope, receive, send)
  File "C:\Users\aryan\OneDrive\Desktop\drishtigyan 2\drishtigyan\backend\win_venv313\Lib\site-packages\starlette\_exception_handler.py", line 62, in wrapped_app
    raise exc
  File "C:\Users\aryan\OneDrive\Desktop\drishtigyan 2\drishtigyan\backend\win_venv313\Lib\site-packages\starlette\_exception_handler.py", line 51, in wrapped_app
    await app(scope, receive, sender)
  File "C:\Users\aryan\OneDrive\Desktop\drishtigyan 2\drishtigyan\backend\win_venv313\Lib\site-packages\starlette\routing.py", line 715, in __call__
    await self.middleware_stack(scope, receive, send)
  File "C:\Users\aryan\OneDrive\Desktop\drishtigyan 2\drishtigyan\backend\win_venv313\Lib\site-packages\starlette\routing.py", line 735, in app
    await route.handle(scope, receive, send)
  File "C:\Users\aryan\OneDrive\Desktop\drishtigyan 2\drishtigyan\backend\win_venv313\Lib\site-packages\starlette\routing.py", line 288, in handle
    await self.app(scope, receive, send)
  File "C:\Users\aryan\OneDrive\Desktop\drishtigyan 2\drishtigyan\backend\win_venv313\Lib\site-packages\starlette\routing.py", line 76, in app
    await wrap_app_handling_exceptions(app, request)(scope, receive, send)
  File "C:\Users\aryan\OneDrive\Desktop\drishtigyan 2\drishtigyan\backend\win_venv313\Lib\site-packages\starlette\_exception_handler.py", line 62, in wrapped_app
    raise exc
  File "C:\Users\aryan\OneDrive\Desktop\drishtigyan 2\drishtigyan\backend\win_venv313\Lib\site-packages\starlette\_exception_handler.py", line 51, in wrapped_app
    await app(scope, receive, sender)
  File "C:\Users\aryan\OneDrive\Desktop\drishtigyan 2\drishtigyan\backend\win_venv313\Lib\site-packages\starlette\routing.py", line 73, in app
    response = await f(request)
               ^^^^^^^^^^^^^^^^
  File "C:\Users\aryan\OneDrive\Desktop\drishtigyan 2\drishtigyan\backend\win_venv313\Lib\site-packages\fastapi\routing.py", line 301, in app
    raw_response = await run_endpoint_function(
                   ^^^^^^^^^^^^^^^^^^^^^^^^^^^^
    ...<3 lines>...
    )
    ^
  File "C:\Users\aryan\OneDrive\Desktop\drishtigyan 2\drishtigyan\backend\win_venv313\Lib\site-packages\fastapi\routing.py", line 214, in run_endpoint_function
    return await run_in_threadpool(dependant.call, **values)
           ^^^^^^^^^^^^^^^^^^^^^^^^^^^^^^^^^^^^^^^^^^^^^^^^^
  File "C:\Users\aryan\OneDrive\Desktop\drishtigyan 2\drishtigyan\backend\win_venv313\Lib\site-packages\starlette\concurrency.py", line 39, in run_in_threadpool
    return await anyio.to_thread.run_sync(func, *args)
           ^^^^^^^^^^^^^^^^^^^^^^^^^^^^^^^^^^^^^^^^^^^
  File "C:\Users\aryan\OneDrive\Desktop\drishtigyan 2\drishtigyan\backend\win_venv313\Lib\site-packages\anyio\to_thread.py", line 63, in run_sync
    return await get_async_backend().run_sync_in_worker_thread(
           ^^^^^^^^^^^^^^^^^^^^^^^^^^^^^^^^^^^^^^^^^^^^^^^^^^^^
        func, args, abandon_on_cancel=abandon_on_cancel, limiter=limiter
        ^^^^^^^^^^^^^^^^^^^^^^^^^^^^^^^^^^^^^^^^^^^^^^^^^^^^^^^^^^^^^^^^
    )
    ^
  File "C:\Users\aryan\OneDrive\Desktop\drishtigyan 2\drishtigyan\backend\win_venv313\Lib\site-packages\anyio\_backends\_asyncio.py", line 2502, in run_sync_in_worker_thread
    return await future
           ^^^^^^^^^^^^
  File "C:\Users\aryan\OneDrive\Desktop\drishtigyan 2\drishtigyan\backend\win_venv313\Lib\site-packages\anyio\_backends\_asyncio.py", line 986, in run
    result = context.run(func, *args)
  File "C:\Users\aryan\OneDrive\Desktop\drishtigyan 2\drishtigyan\backend\routers\student.py", line 287, in get_recommended_practice
    queue = get_practice_queue(current_user.id, db)
  File "C:\Users\aryan\OneDrive\Desktop\drishtigyan 2\drishtigyan\backend\services\spaced_repetition.py", line 41, in get_practice_queue
    days_diff = (record.next_review_date - now).days
                 ~~~~~~~~~~~~~~~~~~~~~~~~^~~~~
TypeError: can't subtract offset-naive and offset-aware datetimes
ERROR:    Exception in ASGI application
Traceback (most recent call last):
  File "C:\Users\aryan\OneDrive\Desktop\drishtigyan 2\drishtigyan\backend\win_venv313\Lib\site-packages\uvicorn\protocols\http\httptools_impl.py", line 399, in run_asgi
    result = await app(  # type: ignore[func-returns-value]
             ^^^^^^^^^^^^^^^^^^^^^^^^^^^^^^^^^^^^^^^^^^^^^^
        self.scope, self.receive, self.send
        ^^^^^^^^^^^^^^^^^^^^^^^^^^^^^^^^^^^
    )
    ^
  File "C:\Users\aryan\OneDrive\Desktop\drishtigyan 2\drishtigyan\backend\win_venv313\Lib\site-packages\uvicorn\middleware\proxy_headers.py", line 70, in __call__
    return await self.app(scope, receive, send)
           ^^^^^^^^^^^^^^^^^^^^^^^^^^^^^^^^^^^^
  File "C:\Users\aryan\OneDrive\Desktop\drishtigyan 2\drishtigyan\backend\win_venv313\Lib\site-packages\fastapi\applications.py", line 1054, in __call__
    await super().__call__(scope, receive, send)
  File "C:\Users\aryan\OneDrive\Desktop\drishtigyan 2\drishtigyan\backend\win_venv313\Lib\site-packages\starlette\applications.py", line 113, in __call__
    await self.middleware_stack(scope, receive, send)
  File "C:\Users\aryan\OneDrive\Desktop\drishtigyan 2\drishtigyan\backend\win_venv313\Lib\site-packages\starlette\middleware\errors.py", line 187, in __call__
    raise exc
  File "C:\Users\aryan\OneDrive\Desktop\drishtigyan 2\drishtigyan\backend\win_venv313\Lib\site-packages\starlette\middleware\errors.py", line 165, in __call__
    await self.app(scope, receive, _send)
  File "C:\Users\aryan\OneDrive\Desktop\drishtigyan 2\drishtigyan\backend\win_venv313\Lib\site-packages\starlette\middleware\cors.py", line 93, in __call__
    await self.simple_response(scope, receive, send, request_headers=headers)
  File "C:\Users\aryan\OneDrive\Desktop\drishtigyan 2\drishtigyan\backend\win_venv313\Lib\site-packages\starlette\middleware\cors.py", line 144, in simple_response
    await self.app(scope, receive, send)
  File "C:\Users\aryan\OneDrive\Desktop\drishtigyan 2\drishtigyan\backend\win_venv313\Lib\site-packages\starlette\middleware\exceptions.py", line 62, in __call__
    await wrap_app_handling_exceptions(self.app, conn)(scope, receive, send)
  File "C:\Users\aryan\OneDrive\Desktop\drishtigyan 2\drishtigyan\backend\win_venv313\Lib\site-packages\starlette\_exception_handler.py", line 62, in wrapped_app
    raise exc
  File "C:\Users\aryan\OneDrive\Desktop\drishtigyan 2\drishtigyan\backend\win_venv313\Lib\site-packages\starlette\_exception_handler.py", line 51, in wrapped_app
    await app(scope, receive, sender)
  File "C:\Users\aryan\OneDrive\Desktop\drishtigyan 2\drishtigyan\backend\win_venv313\Lib\site-packages\starlette\routing.py", line 715, in __call__
    await self.middleware_stack(scope, receive, send)
  File "C:\Users\aryan\OneDrive\Desktop\drishtigyan 2\drishtigyan\backend\win_venv313\Lib\site-packages\starlette\routing.py", line 735, in app
    await route.handle(scope, receive, send)
  File "C:\Users\aryan\OneDrive\Desktop\drishtigyan 2\drishtigyan\backend\win_venv313\Lib\site-packages\starlette\routing.py", line 288, in handle
    await self.app(scope, receive, send)
  File "C:\Users\aryan\OneDrive\Desktop\drishtigyan 2\drishtigyan\backend\win_venv313\Lib\site-packages\starlette\routing.py", line 76, in app
    await wrap_app_handling_exceptions(app, request)(scope, receive, send)
  File "C:\Users\aryan\OneDrive\Desktop\drishtigyan 2\drishtigyan\backend\win_venv313\Lib\site-packages\starlette\_exception_handler.py", line 62, in wrapped_app
    raise exc
  File "C:\Users\aryan\OneDrive\Desktop\drishtigyan 2\drishtigyan\backend\win_venv313\Lib\site-packages\starlette\_exception_handler.py", line 51, in wrapped_app
    await app(scope, receive, sender)
  File "C:\Users\aryan\OneDrive\Desktop\drishtigyan 2\drishtigyan\backend\win_venv313\Lib\site-packages\starlette\routing.py", line 73, in app
    response = await f(request)
               ^^^^^^^^^^^^^^^^
  File "C:\Users\aryan\OneDrive\Desktop\drishtigyan 2\drishtigyan\backend\win_venv313\Lib\site-packages\fastapi\routing.py", line 301, in app
    raw_response = await run_endpoint_function(
                   ^^^^^^^^^^^^^^^^^^^^^^^^^^^^
    ...<3 lines>...
    )
    ^
  File "C:\Users\aryan\OneDrive\Desktop\drishtigyan 2\drishtigyan\backend\win_venv313\Lib\site-packages\fastapi\routing.py", line 214, in run_endpoint_function
    return await run_in_threadpool(dependant.call, **values)
           ^^^^^^^^^^^^^^^^^^^^^^^^^^^^^^^^^^^^^^^^^^^^^^^^^
  File "C:\Users\aryan\OneDrive\Desktop\drishtigyan 2\drishtigyan\backend\win_venv313\Lib\site-packages\starlette\concurrency.py", line 39, in run_in_threadpool
    return await anyio.to_thread.run_sync(func, *args)
           ^^^^^^^^^^^^^^^^^^^^^^^^^^^^^^^^^^^^^^^^^^^
  File "C:\Users\aryan\OneDrive\Desktop\drishtigyan 2\drishtigyan\backend\win_venv313\Lib\site-packages\anyio\to_thread.py", line 63, in run_sync
    return await get_async_backend().run_sync_in_worker_thread(
           ^^^^^^^^^^^^^^^^^^^^^^^^^^^^^^^^^^^^^^^^^^^^^^^^^^^^
        func, args, abandon_on_cancel=abandon_on_cancel, limiter=limiter
        ^^^^^^^^^^^^^^^^^^^^^^^^^^^^^^^^^^^^^^^^^^^^^^^^^^^^^^^^^^^^^^^^
    )
    ^
  File "C:\Users\aryan\OneDrive\Desktop\drishtigyan 2\drishtigyan\backend\win_venv313\Lib\site-packages\anyio\_backends\_asyncio.py", line 2502, in run_sync_in_worker_thread
    return await future
           ^^^^^^^^^^^^
  File "C:\Users\aryan\OneDrive\Desktop\drishtigyan 2\drishtigyan\backend\win_venv313\Lib\site-packages\anyio\_backends\_asyncio.py", line 986, in run
    result = context.run(func, *args)
  File "C:\Users\aryan\OneDrive\Desktop\drishtigyan 2\drishtigyan\backend\routers\student.py", line 287, in get_recommended_practice
    queue = get_practice_queue(current_user.id, db)
  File "C:\Users\aryan\OneDrive\Desktop\drishtigyan 2\drishtigyan\backend\services\spaced_repetition.py", line 41, in get_practice_queue
    days_diff = (record.next_review_date - now).days
                 ~~~~~~~~~~~~~~~~~~~~~~~~^~~~~
TypeError: can't subtract offset-naive and offset-aware datetimes
ERROR:    Exception in ASGI application
Traceback (most recent call last):
  File "C:\Users\aryan\OneDrive\Desktop\drishtigyan 2\drishtigyan\backend\win_venv313\Lib\site-packages\uvicorn\protocols\http\httptools_impl.py", line 399, in run_asgi
    result = await app(  # type: ignore[func-returns-value]
             ^^^^^^^^^^^^^^^^^^^^^^^^^^^^^^^^^^^^^^^^^^^^^^
        self.scope, self.receive, self.send
        ^^^^^^^^^^^^^^^^^^^^^^^^^^^^^^^^^^^
    )
    ^
  File "C:\Users\aryan\OneDrive\Desktop\drishtigyan 2\drishtigyan\backend\win_venv313\Lib\site-packages\uvicorn\middleware\proxy_headers.py", line 70, in __call__
    return await self.app(scope, receive, send)
           ^^^^^^^^^^^^^^^^^^^^^^^^^^^^^^^^^^^^
  File "C:\Users\aryan\OneDrive\Desktop\drishtigyan 2\drishtigyan\backend\win_venv313\Lib\site-packages\fastapi\applications.py", line 1054, in __call__
    await super().__call__(scope, receive, send)
  File "C:\Users\aryan\OneDrive\Desktop\drishtigyan 2\drishtigyan\backend\win_venv313\Lib\site-packages\starlette\applications.py", line 113, in __call__
    await self.middleware_stack(scope, receive, send)
  File "C:\Users\aryan\OneDrive\Desktop\drishtigyan 2\drishtigyan\backend\win_venv313\Lib\site-packages\starlette\middleware\errors.py", line 187, in __call__
    raise exc
  File "C:\Users\aryan\OneDrive\Desktop\drishtigyan 2\drishtigyan\backend\win_venv313\Lib\site-packages\starlette\middleware\errors.py", line 165, in __call__
    await self.app(scope, receive, _send)
  File "C:\Users\aryan\OneDrive\Desktop\drishtigyan 2\drishtigyan\backend\win_venv313\Lib\site-packages\starlette\middleware\cors.py", line 93, in __call__
    await self.simple_response(scope, receive, send, request_headers=headers)
  File "C:\Users\aryan\OneDrive\Desktop\drishtigyan 2\drishtigyan\backend\win_venv313\Lib\site-packages\starlette\middleware\cors.py", line 144, in simple_response
    await self.app(scope, receive, send)
  File "C:\Users\aryan\OneDrive\Desktop\drishtigyan 2\drishtigyan\backend\win_venv313\Lib\site-packages\starlette\middleware\exceptions.py", line 62, in __call__
    await wrap_app_handling_exceptions(self.app, conn)(scope, receive, send)
  File "C:\Users\aryan\OneDrive\Desktop\drishtigyan 2\drishtigyan\backend\win_venv313\Lib\site-packages\starlette\_exception_handler.py", line 62, in wrapped_app
    raise exc
  File "C:\Users\aryan\OneDrive\Desktop\drishtigyan 2\drishtigyan\backend\win_venv313\Lib\site-packages\starlette\_exception_handler.py", line 51, in wrapped_app
    await app(scope, receive, sender)
  File "C:\Users\aryan\OneDrive\Desktop\drishtigyan 2\drishtigyan\backend\win_venv313\Lib\site-packages\starlette\routing.py", line 715, in __call__
    await self.middleware_stack(scope, receive, send)
  File "C:\Users\aryan\OneDrive\Desktop\drishtigyan 2\drishtigyan\backend\win_venv313\Lib\site-packages\starlette\routing.py", line 735, in app
    await route.handle(scope, receive, send)
  File "C:\Users\aryan\OneDrive\Desktop\drishtigyan 2\drishtigyan\backend\win_venv313\Lib\site-packages\starlette\routing.py", line 288, in handle
    await self.app(scope, receive, send)
  File "C:\Users\aryan\OneDrive\Desktop\drishtigyan 2\drishtigyan\backend\win_venv313\Lib\site-packages\starlette\routing.py", line 76, in app
    await wrap_app_handling_exceptions(app, request)(scope, receive, send)
  File "C:\Users\aryan\OneDrive\Desktop\drishtigyan 2\drishtigyan\backend\win_venv313\Lib\site-packages\starlette\_exception_handler.py", line 62, in wrapped_app
    raise exc
  File "C:\Users\aryan\OneDrive\Desktop\drishtigyan 2\drishtigyan\backend\win_venv313\Lib\site-packages\starlette\_exception_handler.py", line 51, in wrapped_app
    await app(scope, receive, sender)
  File "C:\Users\aryan\OneDrive\Desktop\drishtigyan 2\drishtigyan\backend\win_venv313\Lib\site-packages\starlette\routing.py", line 73, in app
    response = await f(request)
               ^^^^^^^^^^^^^^^^
  File "C:\Users\aryan\OneDrive\Desktop\drishtigyan 2\drishtigyan\backend\win_venv313\Lib\site-packages\fastapi\routing.py", line 301, in app
    raw_response = await run_endpoint_function(
                   ^^^^^^^^^^^^^^^^^^^^^^^^^^^^
    ...<3 lines>...
    )
    ^
  File "C:\Users\aryan\OneDrive\Desktop\drishtigyan 2\drishtigyan\backend\win_venv313\Lib\site-packages\fastapi\routing.py", line 214, in run_endpoint_function
    return await run_in_threadpool(dependant.call, **values)
           ^^^^^^^^^^^^^^^^^^^^^^^^^^^^^^^^^^^^^^^^^^^^^^^^^
  File "C:\Users\aryan\OneDrive\Desktop\drishtigyan 2\drishtigyan\backend\win_venv313\Lib\site-packages\starlette\concurrency.py", line 39, in run_in_threadpool
    return await anyio.to_thread.run_sync(func, *args)
           ^^^^^^^^^^^^^^^^^^^^^^^^^^^^^^^^^^^^^^^^^^^
  File "C:\Users\aryan\OneDrive\Desktop\drishtigyan 2\drishtigyan\backend\win_venv313\Lib\site-packages\anyio\to_thread.py", line 63, in run_sync
    return await get_async_backend().run_sync_in_worker_thread(
           ^^^^^^^^^^^^^^^^^^^^^^^^^^^^^^^^^^^^^^^^^^^^^^^^^^^^
        func, args, abandon_on_cancel=abandon_on_cancel, limiter=limiter
        ^^^^^^^^^^^^^^^^^^^^^^^^^^^^^^^^^^^^^^^^^^^^^^^^^^^^^^^^^^^^^^^^
    )
    ^
  File "C:\Users\aryan\OneDrive\Desktop\drishtigyan 2\drishtigyan\backend\win_venv313\Lib\site-packages\anyio\_backends\_asyncio.py", line 2502, in run_sync_in_worker_thread
    return await future
           ^^^^^^^^^^^^
  File "C:\Users\aryan\OneDrive\Desktop\drishtigyan 2\drishtigyan\backend\win_venv313\Lib\site-packages\anyio\_backends\_asyncio.py", line 986, in run
    result = context.run(func, *args)
  File "C:\Users\aryan\OneDrive\Desktop\drishtigyan 2\drishtigyan\backend\routers\student.py", line 287, in get_recommended_practice
    queue = get_practice_queue(current_user.id, db)
  File "C:\Users\aryan\OneDrive\Desktop\drishtigyan 2\drishtigyan\backend\services\spaced_repetition.py", line 41, in get_practice_queue
    days_diff = (record.next_review_date - now).days
                 ~~~~~~~~~~~~~~~~~~~~~~~~^~~~~
TypeError: can't subtract offset-naive and offset-aware datetimes
ERROR:    Exception in ASGI application
Traceback (most recent call last):
  File "C:\Users\aryan\OneDrive\Desktop\drishtigyan 2\drishtigyan\backend\win_venv313\Lib\site-packages\uvicorn\protocols\http\httptools_impl.py", line 399, in run_asgi
    result = await app(  # type: ignore[func-returns-value]
             ^^^^^^^^^^^^^^^^^^^^^^^^^^^^^^^^^^^^^^^^^^^^^^
        self.scope, self.receive, self.send
        ^^^^^^^^^^^^^^^^^^^^^^^^^^^^^^^^^^^
    )
    ^
  File "C:\Users\aryan\OneDrive\Desktop\drishtigyan 2\drishtigyan\backend\win_venv313\Lib\site-packages\uvicorn\middleware\proxy_headers.py", line 70, in __call__
    return await self.app(scope, receive, send)
           ^^^^^^^^^^^^^^^^^^^^^^^^^^^^^^^^^^^^
  File "C:\Users\aryan\OneDrive\Desktop\drishtigyan 2\drishtigyan\backend\win_venv313\Lib\site-packages\fastapi\applications.py", line 1054, in __call__
    await super().__call__(scope, receive, send)
  File "C:\Users\aryan\OneDrive\Desktop\drishtigyan 2\drishtigyan\backend\win_venv313\Lib\site-packages\starlette\applications.py", line 113, in __call__
    await self.middleware_stack(scope, receive, send)
  File "C:\Users\aryan\OneDrive\Desktop\drishtigyan 2\drishtigyan\backend\win_venv313\Lib\site-packages\starlette\middleware\errors.py", line 187, in __call__
    raise exc
  File "C:\Users\aryan\OneDrive\Desktop\drishtigyan 2\drishtigyan\backend\win_venv313\Lib\site-packages\starlette\middleware\errors.py", line 165, in __call__
    await self.app(scope, receive, _send)
  File "C:\Users\aryan\OneDrive\Desktop\drishtigyan 2\drishtigyan\backend\win_venv313\Lib\site-packages\starlette\middleware\cors.py", line 93, in __call__
    await self.simple_response(scope, receive, send, request_headers=headers)
  File "C:\Users\aryan\OneDrive\Desktop\drishtigyan 2\drishtigyan\backend\win_venv313\Lib\site-packages\starlette\middleware\cors.py", line 144, in simple_response
    await self.app(scope, receive, send)
  File "C:\Users\aryan\OneDrive\Desktop\drishtigyan 2\drishtigyan\backend\win_venv313\Lib\site-packages\starlette\middleware\exceptions.py", line 62, in __call__
    await wrap_app_handling_exceptions(self.app, conn)(scope, receive, send)
  File "C:\Users\aryan\OneDrive\Desktop\drishtigyan 2\drishtigyan\backend\win_venv313\Lib\site-packages\starlette\_exception_handler.py", line 62, in wrapped_app
    raise exc
  File "C:\Users\aryan\OneDrive\Desktop\drishtigyan 2\drishtigyan\backend\win_venv313\Lib\site-packages\starlette\_exception_handler.py", line 51, in wrapped_app
    await app(scope, receive, sender)
  File "C:\Users\aryan\OneDrive\Desktop\drishtigyan 2\drishtigyan\backend\win_venv313\Lib\site-packages\starlette\routing.py", line 715, in __call__
    await self.middleware_stack(scope, receive, send)
  File "C:\Users\aryan\OneDrive\Desktop\drishtigyan 2\drishtigyan\backend\win_venv313\Lib\site-packages\starlette\routing.py", line 735, in app
    await route.handle(scope, receive, send)
  File "C:\Users\aryan\OneDrive\Desktop\drishtigyan 2\drishtigyan\backend\win_venv313\Lib\site-packages\starlette\routing.py", line 288, in handle
    await self.app(scope, receive, send)
  File "C:\Users\aryan\OneDrive\Desktop\drishtigyan 2\drishtigyan\backend\win_venv313\Lib\site-packages\starlette\routing.py", line 76, in app
    await wrap_app_handling_exceptions(app, request)(scope, receive, send)
  File "C:\Users\aryan\OneDrive\Desktop\drishtigyan 2\drishtigyan\backend\win_venv313\Lib\site-packages\starlette\_exception_handler.py", line 62, in wrapped_app
    raise exc
  File "C:\Users\aryan\OneDrive\Desktop\drishtigyan 2\drishtigyan\backend\win_venv313\Lib\site-packages\starlette\_exception_handler.py", line 51, in wrapped_app
    await app(scope, receive, sender)
  File "C:\Users\aryan\OneDrive\Desktop\drishtigyan 2\drishtigyan\backend\win_venv313\Lib\site-packages\starlette\routing.py", line 73, in app
    response = await f(request)
               ^^^^^^^^^^^^^^^^
  File "C:\Users\aryan\OneDrive\Desktop\drishtigyan 2\drishtigyan\backend\win_venv313\Lib\site-packages\fastapi\routing.py", line 301, in app
    raw_response = await run_endpoint_function(
                   ^^^^^^^^^^^^^^^^^^^^^^^^^^^^
    ...<3 lines>...
    )
    ^
  File "C:\Users\aryan\OneDrive\Desktop\drishtigyan 2\drishtigyan\backend\win_venv313\Lib\site-packages\fastapi\routing.py", line 214, in run_endpoint_function
    return await run_in_threadpool(dependant.call, **values)
           ^^^^^^^^^^^^^^^^^^^^^^^^^^^^^^^^^^^^^^^^^^^^^^^^^
  File "C:\Users\aryan\OneDrive\Desktop\drishtigyan 2\drishtigyan\backend\win_venv313\Lib\site-packages\starlette\concurrency.py", line 39, in run_in_threadpool
    return await anyio.to_thread.run_sync(func, *args)
           ^^^^^^^^^^^^^^^^^^^^^^^^^^^^^^^^^^^^^^^^^^^
  File "C:\Users\aryan\OneDrive\Desktop\drishtigyan 2\drishtigyan\backend\win_venv313\Lib\site-packages\anyio\to_thread.py", line 63, in run_sync
    return await get_async_backend().run_sync_in_worker_thread(
           ^^^^^^^^^^^^^^^^^^^^^^^^^^^^^^^^^^^^^^^^^^^^^^^^^^^^
        func, args, abandon_on_cancel=abandon_on_cancel, limiter=limiter
        ^^^^^^^^^^^^^^^^^^^^^^^^^^^^^^^^^^^^^^^^^^^^^^^^^^^^^^^^^^^^^^^^
    )
    ^
  File "C:\Users\aryan\OneDrive\Desktop\drishtigyan 2\drishtigyan\backend\win_venv313\Lib\site-packages\anyio\_backends\_asyncio.py", line 2502, in run_sync_in_worker_thread
    return await future
           ^^^^^^^^^^^^
  File "C:\Users\aryan\OneDrive\Desktop\drishtigyan 2\drishtigyan\backend\win_venv313\Lib\site-packages\anyio\_backends\_asyncio.py", line 986, in run
    result = context.run(func, *args)
  File "C:\Users\aryan\OneDrive\Desktop\drishtigyan 2\drishtigyan\backend\routers\student.py", line 287, in get_recommended_practice
    queue = get_practice_queue(current_user.id, db)
  File "C:\Users\aryan\OneDrive\Desktop\drishtigyan 2\drishtigyan\backend\services\spaced_repetition.py", line 41, in get_practice_queue
    days_diff = (record.next_review_date - now).days
                 ~~~~~~~~~~~~~~~~~~~~~~~~^~~~~
TypeError: can't subtract offset-naive and offset-aware datetimes
ERROR:    Exception in ASGI application
Traceback (most recent call last):
  File "C:\Users\aryan\OneDrive\Desktop\drishtigyan 2\drishtigyan\backend\win_venv313\Lib\site-packages\uvicorn\protocols\http\httptools_impl.py", line 399, in run_asgi
    result = await app(  # type: ignore[func-returns-value]
             ^^^^^^^^^^^^^^^^^^^^^^^^^^^^^^^^^^^^^^^^^^^^^^
        self.scope, self.receive, self.send
        ^^^^^^^^^^^^^^^^^^^^^^^^^^^^^^^^^^^
    )
    ^
  File "C:\Users\aryan\OneDrive\Desktop\drishtigyan 2\drishtigyan\backend\win_venv313\Lib\site-packages\uvicorn\middleware\proxy_headers.py", line 70, in __call__
    return await self.app(scope, receive, send)
           ^^^^^^^^^^^^^^^^^^^^^^^^^^^^^^^^^^^^
  File "C:\Users\aryan\OneDrive\Desktop\drishtigyan 2\drishtigyan\backend\win_venv313\Lib\site-packages\fastapi\applications.py", line 1054, in __call__
    await super().__call__(scope, receive, send)
  File "C:\Users\aryan\OneDrive\Desktop\drishtigyan 2\drishtigyan\backend\win_venv313\Lib\site-packages\starlette\applications.py", line 113, in __call__
    await self.middleware_stack(scope, receive, send)
  File "C:\Users\aryan\OneDrive\Desktop\drishtigyan 2\drishtigyan\backend\win_venv313\Lib\site-packages\starlette\middleware\errors.py", line 187, in __call__
    raise exc
  File "C:\Users\aryan\OneDrive\Desktop\drishtigyan 2\drishtigyan\backend\win_venv313\Lib\site-packages\starlette\middleware\errors.py", line 165, in __call__
    await self.app(scope, receive, _send)
  File "C:\Users\aryan\OneDrive\Desktop\drishtigyan 2\drishtigyan\backend\win_venv313\Lib\site-packages\starlette\middleware\cors.py", line 93, in __call__
    await self.simple_response(scope, receive, send, request_headers=headers)
  File "C:\Users\aryan\OneDrive\Desktop\drishtigyan 2\drishtigyan\backend\win_venv313\Lib\site-packages\starlette\middleware\cors.py", line 144, in simple_response
    await self.app(scope, receive, send)
  File "C:\Users\aryan\OneDrive\Desktop\drishtigyan 2\drishtigyan\backend\win_venv313\Lib\site-packages\starlette\middleware\exceptions.py", line 62, in __call__
    await wrap_app_handling_exceptions(self.app, conn)(scope, receive, send)
  File "C:\Users\aryan\OneDrive\Desktop\drishtigyan 2\drishtigyan\backend\win_venv313\Lib\site-packages\starlette\_exception_handler.py", line 62, in wrapped_app
    raise exc
  File "C:\Users\aryan\OneDrive\Desktop\drishtigyan 2\drishtigyan\backend\win_venv313\Lib\site-packages\starlette\_exception_handler.py", line 51, in wrapped_app
    await app(scope, receive, sender)
  File "C:\Users\aryan\OneDrive\Desktop\drishtigyan 2\drishtigyan\backend\win_venv313\Lib\site-packages\starlette\routing.py", line 715, in __call__
    await self.middleware_stack(scope, receive, send)
  File "C:\Users\aryan\OneDrive\Desktop\drishtigyan 2\drishtigyan\backend\win_venv313\Lib\site-packages\starlette\routing.py", line 735, in app
    await route.handle(scope, receive, send)
  File "C:\Users\aryan\OneDrive\Desktop\drishtigyan 2\drishtigyan\backend\win_venv313\Lib\site-packages\starlette\routing.py", line 288, in handle
    await self.app(scope, receive, send)
  File "C:\Users\aryan\OneDrive\Desktop\drishtigyan 2\drishtigyan\backend\win_venv313\Lib\site-packages\starlette\routing.py", line 76, in app
    await wrap_app_handling_exceptions(app, request)(scope, receive, send)
  File "C:\Users\aryan\OneDrive\Desktop\drishtigyan 2\drishtigyan\backend\win_venv313\Lib\site-packages\starlette\_exception_handler.py", line 62, in wrapped_app
    raise exc
  File "C:\Users\aryan\OneDrive\Desktop\drishtigyan 2\drishtigyan\backend\win_venv313\Lib\site-packages\starlette\_exception_handler.py", line 51, in wrapped_app
    await app(scope, receive, sender)
  File "C:\Users\aryan\OneDrive\Desktop\drishtigyan 2\drishtigyan\backend\win_venv313\Lib\site-packages\starlette\routing.py", line 73, in app
    response = await f(request)
               ^^^^^^^^^^^^^^^^
  File "C:\Users\aryan\OneDrive\Desktop\drishtigyan 2\drishtigyan\backend\win_venv313\Lib\site-packages\fastapi\routing.py", line 301, in app
    raw_response = await run_endpoint_function(
                   ^^^^^^^^^^^^^^^^^^^^^^^^^^^^
    ...<3 lines>...
    )
    ^
  File "C:\Users\aryan\OneDrive\Desktop\drishtigyan 2\drishtigyan\backend\win_venv313\Lib\site-packages\fastapi\routing.py", line 214, in run_endpoint_function
    return await run_in_threadpool(dependant.call, **values)
           ^^^^^^^^^^^^^^^^^^^^^^^^^^^^^^^^^^^^^^^^^^^^^^^^^
  File "C:\Users\aryan\OneDrive\Desktop\drishtigyan 2\drishtigyan\backend\win_venv313\Lib\site-packages\starlette\concurrency.py", line 39, in run_in_threadpool
    return await anyio.to_thread.run_sync(func, *args)
           ^^^^^^^^^^^^^^^^^^^^^^^^^^^^^^^^^^^^^^^^^^^
  File "C:\Users\aryan\OneDrive\Desktop\drishtigyan 2\drishtigyan\backend\win_venv313\Lib\site-packages\anyio\to_thread.py", line 63, in run_sync
    return await get_async_backend().run_sync_in_worker_thread(
           ^^^^^^^^^^^^^^^^^^^^^^^^^^^^^^^^^^^^^^^^^^^^^^^^^^^^
        func, args, abandon_on_cancel=abandon_on_cancel, limiter=limiter
        ^^^^^^^^^^^^^^^^^^^^^^^^^^^^^^^^^^^^^^^^^^^^^^^^^^^^^^^^^^^^^^^^
    )
    ^
  File "C:\Users\aryan\OneDrive\Desktop\drishtigyan 2\drishtigyan\backend\win_venv313\Lib\site-packages\anyio\_backends\_asyncio.py", line 2502, in run_sync_in_worker_thread
    return await future
           ^^^^^^^^^^^^
  File "C:\Users\aryan\OneDrive\Desktop\drishtigyan 2\drishtigyan\backend\win_venv313\Lib\site-packages\anyio\_backends\_asyncio.py", line 986, in run
    result = context.run(func, *args)
  File "C:\Users\aryan\OneDrive\Desktop\drishtigyan 2\drishtigyan\backend\routers\student.py", line 287, in get_recommended_practice
    queue = get_practice_queue(current_user.id, db)
  File "C:\Users\aryan\OneDrive\Desktop\drishtigyan 2\drishtigyan\backend\services\spaced_repetition.py", line 41, in get_practice_queue
    days_diff = (record.next_review_date - now).days
                 ~~~~~~~~~~~~~~~~~~~~~~~~^~~~~
TypeError: can't subtract offset-naive and offset-aware datetimes
